execve("./part1", ["./part1"], 0x7ffc4d5bf6b0 /* 71 vars */) = 0
brk(NULL)                               = 0x561287fa9000
arch_prctl(0x3001 /* ARCH_??? */, 0x7fffbb4533e0) = -1 EINVAL (Invalid argument)
mmap(NULL, 8192, PROT_READ|PROT_WRITE, MAP_PRIVATE|MAP_ANONYMOUS, -1, 0) = 0x7f5028c4d000
access("/etc/ld.so.preload", R_OK)      = -1 ENOENT (No such file or directory)
openat(AT_FDCWD, "/etc/ld.so.cache", O_RDONLY|O_CLOEXEC) = 3
newfstatat(3, "", {st_mode=S_IFREG|0644, st_size=60695, ...}, AT_EMPTY_PATH) = 0
mmap(NULL, 60695, PROT_READ, MAP_PRIVATE, 3, 0) = 0x7f5028c3e000
close(3)                                = 0
openat(AT_FDCWD, "/lib/x86_64-linux-gnu/libc.so.6", O_RDONLY|O_CLOEXEC) = 3
read(3, "\177ELF\2\1\1\3\0\0\0\0\0\0\0\0\3\0>\0\1\0\0\0P\237\2\0\0\0\0\0"..., 832) = 832
pread64(3, "\6\0\0\0\4\0\0\0@\0\0\0\0\0\0\0@\0\0\0\0\0\0\0@\0\0\0\0\0\0\0"..., 784, 64) = 784
pread64(3, "\4\0\0\0 \0\0\0\5\0\0\0GNU\0\2\0\0\300\4\0\0\0\3\0\0\0\0\0\0\0"..., 48, 848) = 48
pread64(3, "\4\0\0\0\24\0\0\0\3\0\0\0GNU\0\244;\374\204(\337f#\315I\214\234\f\256\271\32"..., 68, 896) = 68
newfstatat(3, "", {st_mode=S_IFREG|0755, st_size=2216304, ...}, AT_EMPTY_PATH) = 0
pread64(3, "\6\0\0\0\4\0\0\0@\0\0\0\0\0\0\0@\0\0\0\0\0\0\0@\0\0\0\0\0\0\0"..., 784, 64) = 784
mmap(NULL, 2260560, PROT_READ, MAP_PRIVATE|MAP_DENYWRITE, 3, 0) = 0x7f5028a00000
mmap(0x7f5028a28000, 1658880, PROT_READ|PROT_EXEC, MAP_PRIVATE|MAP_FIXED|MAP_DENYWRITE, 3, 0x28000) = 0x7f5028a28000
mmap(0x7f5028bbd000, 360448, PROT_READ, MAP_PRIVATE|MAP_FIXED|MAP_DENYWRITE, 3, 0x1bd000) = 0x7f5028bbd000
mmap(0x7f5028c15000, 24576, PROT_READ|PROT_WRITE, MAP_PRIVATE|MAP_FIXED|MAP_DENYWRITE, 3, 0x214000) = 0x7f5028c15000
mmap(0x7f5028c1b000, 52816, PROT_READ|PROT_WRITE, MAP_PRIVATE|MAP_FIXED|MAP_ANONYMOUS, -1, 0) = 0x7f5028c1b000
close(3)                                = 0
mmap(NULL, 12288, PROT_READ|PROT_WRITE, MAP_PRIVATE|MAP_ANONYMOUS, -1, 0) = 0x7f5028c3b000
arch_prctl(ARCH_SET_FS, 0x7f5028c3b740) = 0
set_tid_address(0x7f5028c3ba10)         = 5715
set_robust_list(0x7f5028c3ba20, 24)     = 0
rseq(0x7f5028c3c0e0, 0x20, 0, 0x53053053) = 0
mprotect(0x7f5028c15000, 16384, PROT_READ) = 0
mprotect(0x56128764b000, 4096, PROT_READ) = 0
mprotect(0x7f5028c87000, 8192, PROT_READ) = 0
prlimit64(0, RLIMIT_STACK, NULL, {rlim_cur=8192*1024, rlim_max=RLIM64_INFINITY}) = 0
munmap(0x7f5028c3e000, 60695)           = 0
clone(child_stack=NULL, flags=CLONE_CHILD_CLEARTID|CLONE_CHILD_SETTID|SIGCHLD, child_tidptr=0x7f5028c3ba10) = 5718
--- SIGCHLD {si_signo=SIGCHLD, si_code=CLD_EXITED, si_pid=5718, si_uid=1000, si_status=0, si_utime=0, si_stime=0} ---
clone(child_stack=NULL, flags=CLONE_CHILD_CLEARTID|CLONE_CHILD_SETTID|SIGCHLD, child_tidptr=0x7f5028c3ba10) = 5726
clone(child_stack=NULL, flags=CLONE_CHILD_CLEARTID|CLONE_CHILD_SETTID|SIGCHLD, child_tidptr=0x7f5028c3ba10) = 5728
clone(child_stack=NULL, flags=CLONE_CHILD_CLEARTID|CLONE_CHILD_SETTID|SIGCHLD, child_tidptr=0x7f5028c3ba10) = 5730
--- SIGCHLD {si_signo=SIGCHLD, si_code=CLD_EXITED, si_pid=5726, si_uid=1000, si_status=0, si_utime=0, si_stime=0} ---
exit_group(0)                           = ?
+++ exited with 0 +++
